[2025-04-23 19:03:51] Flow→Stock同期処理を開始します...
[2025-04-23 19:03:51] 同期処理: パターン 'project_charter*.md' → '/projects/tokyo_asset/documents/1_initiating/project_charter.md'
[2025-04-23 19:03:51] [ERROR] 同期失敗: パターン 'project_charter*.md' の最新ファイルが見つかりません
[2025-04-23 19:03:51] 同期処理: パターン '*stakeholder*register*.md' → '/projects/tokyo_asset/documents/1_initiating/stakeholder_register.md'
[2025-04-23 19:03:51] [ERROR] 同期失敗: パターン '*stakeholder*register*.md' の最新ファイルが見つかりません
[2025-04-23 19:03:51] 同期処理: パターン '*wbs*.md' → '/projects/tokyo_asset/documents/3_planning/wbs.md'
[2025-04-23 19:03:51] [ERROR] 同期失敗: パターン '*wbs*.md' の最新ファイルが見つかりません
[2025-04-23 19:03:51] 同期処理: パターン '*risk_plan*.md' → '/projects/tokyo_asset/documents/3_planning/risk_plan.md'
[2025-04-23 19:03:51] [ERROR] 同期失敗: パターン '*risk_plan*.md' の最新ファイルが見つかりません
[2025-04-23 19:03:51] 同期処理: パターン 'lessons_learned*.md' → '/projects/tokyo_asset/documents/6_closing/lessons_learned.md'
[2025-04-23 19:03:51] [ERROR] 同期失敗: パターン 'lessons_learned*.md' の最新ファイルが見つかりません
[2025-04-23 19:03:51] 同期処理: パターン '*product_backlog*.md' → '/Agile/product_backlog.md'
[2025-04-23 19:03:51] [ERROR] 同期失敗: パターン '*product_backlog*.md' の最新ファイルが見つかりません
[2025-04-23 19:03:51] 同期処理: パターン 'draft_release_roadmap*.md' → '/projects/tokyo_asset/documents/3_planning/release_roadmap.md'
[2025-04-23 19:03:51] [ERROR] 同期失敗: パターン 'draft_release_roadmap*.md' の最新ファイルが見つかりません
[2025-04-23 19:03:51] バックログの同期を開始します...
[2025-04-23 19:03:51] [ERROR] バックログディレクトリが見つかりません
[2025-04-23 19:03:51] [ERROR] Flow→Stock同期処理が完了しましたが、8件のエラーがありました。
[2025-04-23 19:03:58] Flow→Stock同期処理を開始します...
[2025-04-23 19:03:58] 同期処理: パターン 'project_charter*.md' → '/projects/tokyo_asset/documents/1_initiating/project_charter.md'
[2025-04-23 19:03:58] [ERROR] 同期失敗: パターン 'project_charter*.md' の最新ファイルが見つかりません
[2025-04-23 19:03:58] 同期処理: パターン '*stakeholder*register*.md' → '/projects/tokyo_asset/documents/1_initiating/stakeholder_register.md'
[2025-04-23 19:03:58] [ERROR] 同期失敗: パターン '*stakeholder*register*.md' の最新ファイルが見つかりません
[2025-04-23 19:03:58] 同期処理: パターン '*wbs*.md' → '/projects/tokyo_asset/documents/3_planning/wbs.md'
[2025-04-23 19:03:58] [ERROR] 同期失敗: パターン '*wbs*.md' の最新ファイルが見つかりません
[2025-04-23 19:03:58] 同期処理: パターン '*risk_plan*.md' → '/projects/tokyo_asset/documents/3_planning/risk_plan.md'
[2025-04-23 19:03:58] [ERROR] 同期失敗: パターン '*risk_plan*.md' の最新ファイルが見つかりません
[2025-04-23 19:03:58] 同期処理: パターン 'lessons_learned*.md' → '/projects/tokyo_asset/documents/6_closing/lessons_learned.md'
[2025-04-23 19:03:58] [ERROR] 同期失敗: パターン 'lessons_learned*.md' の最新ファイルが見つかりません
[2025-04-23 19:03:58] 同期処理: パターン '*product_backlog*.md' → '/Agile/product_backlog.md'
[2025-04-23 19:03:58] [ERROR] 同期失敗: パターン '*product_backlog*.md' の最新ファイルが見つかりません
[2025-04-23 19:03:58] 同期処理: パターン 'draft_release_roadmap*.md' → '/projects/tokyo_asset/documents/3_planning/release_roadmap.md'
[2025-04-23 19:03:58] [ERROR] 同期失敗: パターン 'draft_release_roadmap*.md' の最新ファイルが見つかりません
[2025-04-23 19:03:58] バックログの同期を開始します...
[2025-04-23 19:03:58] [ERROR] バックログディレクトリが見つかりません
[2025-04-23 19:03:58] [ERROR] Flow→Stock同期処理が完了しましたが、8件のエラーがありました。
